七月 11, 2022 1:27:39 下午 kj.MainRunner lambda$addStudent$0
信息: 插入一条学生信息Student(sid=0, name=小德, sex=男, grade=2005)
七月 11, 2022 1:28:08 下午 kj.MainRunner lambda$addBook$1
信息: 录入一条书籍信息Book(bid=0, title=西游记, desc=中国古典文学，四大名著之一, price=20.55)
七月 11, 2022 1:45:57 下午 kj.MainRunner lambda$addBorrow$2
信息: 录入一条借阅信息，学生5借阅书籍4
七月 11, 2022 2:36:20 下午 kj.MainRunner lambda$showBorrows$4
信息: 查询所有借阅信息，共1条！
七月 11, 2022 2:36:57 下午 kj.MainRunner lambda$showStudents$6
信息: 查询所有学生信息，共6条！
七月 11, 2022 2:38:39 下午 kj.MainRunner lambda$showBooks$8
信息: 查询所有书籍信息，共6条！
七月 11, 2022 2:39:22 下午 kj.MainRunner lambda$addBorrow$2
信息: 录入一条借阅信息，学生6借阅书籍7
七月 11, 2022 2:39:24 下午 kj.MainRunner lambda$showBorrows$4
信息: 查询所有借阅信息，共2条！
七月 11, 2022 2:40:25 下午 kj.MainRunner lambda$showBorrows$4
信息: 查询所有借阅信息，共2条！
七月 11, 2022 2:41:04 下午 kj.MainRunner lambda$showStudents$6
信息: 查询所有学生信息，共6条！
七月 11, 2022 2:41:14 下午 kj.MainRunner lambda$showBooks$8
信息: 查询所有书籍信息，共6条！
七月 11, 2022 2:42:20 下午 kj.MainRunner lambda$showBorrows$4
信息: 查询所有借阅信息，共2条！
七月 11, 2022 2:42:25 下午 kj.MainRunner lambda$showStudents$6
信息: 查询所有学生信息，共6条！
七月 11, 2022 2:42:27 下午 kj.MainRunner lambda$showBooks$8
信息: 查询所有书籍信息，共6条！
七月 11, 2022 2:42:59 下午 kj.MainRunner lambda$showBooks$8
信息: 查询所有书籍信息，共6条！
七月 11, 2022 2:43:34 下午 kj.MainRunner lambda$showBooks$8
信息: 查询所有书籍信息，共6条！
七月 11, 2022 2:44:27 下午 kj.MainRunner lambda$showBooks$8
信息: 查询所有书籍信息，共6条！
